<?xml version="1.0" encoding="UTF-8" ?>
<testsuite errors="0" failures="0" hostname="arm03944" name="org.stanwood.media.source.TestIMDBSource" tests="2" time="1.759" timestamp="2008-12-12T14:04:42">
  <properties>
    <property name="java.vendor" value="Sun Microsystems Inc." />
    <property name="sun.java.launcher" value="SUN_STANDARD" />
    <property name="rpm.dir" value="/home/johsta01/nobackup/home-workspace/tv-and-movies-meta-data-fetcher/tv-and-movies-meta-data-fetcher/rpm" />
    <property name="javax.net.ssl.trustStorePassword" value="" />
    <property name="sun.management.compiler" value="HotSpot Client Compiler" />
    <property name="docs.dir" value="/home/johsta01/nobackup/home-workspace/tv-and-movies-meta-data-fetcher/tv-and-movies-meta-data-fetcher/docs" />
    <property name="os.name" value="Linux" />
    <property name="sun.boot.class.path" value="/usr/lib/jvm/java-1.6.0-openjdk-1.2_b09/jre/lib/resources.jar:/usr/lib/jvm/java-1.6.0-openjdk-1.2_b09/jre/lib/rt.jar:/usr/lib/jvm/java-1.6.0-openjdk-1.2_b09/jre/lib/sunrsasign.jar:/usr/lib/jvm/java-1.6.0-openjdk-1.2_b09/jre/lib/jsse.jar:/usr/lib/jvm/java-1.6.0-openjdk-1.2_b09/jre/lib/jce.jar:/usr/lib/jvm/java-1.6.0-openjdk-1.2_b09/jre/lib/charsets.jar:/usr/lib/jvm/java-1.6.0-openjdk-1.2_b09/jre/classes" />
    <property name="TODAY" value="December 12 2008" />
    <property name="javac.target" value="1.6" />
    <property name="java.vm.specification.vendor" value="Sun Microsystems Inc." />
    <property name="net.sourceforge.cobertura.datafile" value="/home/johsta01/nobackup/home-workspace/tv-and-movies-meta-data-fetcher/tv-and-movies-meta-data-fetcher/cobertura.ser" />
    <property name="ant.home" value="/usr/share/ant" />
    <property name="java.runtime.version" value="1.6.0-b09" />
    <property name="docbook.home" value="/home/johsta01/nobackup/home-workspace/tv-and-movies-meta-data-fetcher/tv-and-movies-meta-data-fetcher/docbook/xsl" />
    <property name="test.build.dir" value="/home/johsta01/nobackup/home-workspace/tv-and-movies-meta-data-fetcher/tv-and-movies-meta-data-fetcher/tests-bin" />
    <property name="userguide.dir" value="/home/johsta01/nobackup/home-workspace/tv-and-movies-meta-data-fetcher/tv-and-movies-meta-data-fetcher/docs/userguide" />
    <property name="cobertura.dir" value="/home/johsta01/nobackup/home-workspace/tv-and-movies-meta-data-fetcher/tv-and-movies-meta-data-fetcher/cobertura" />
    <property name="user.name" value="johsta01" />
    <property name="project.summary" value="A application for correcting the name of TV shows and films, using information from the internet." />
    <property name="one-jar.version" value="0.96" />
    <property name="build.instrumented.dir" value="/home/johsta01/nobackup/home-workspace/tv-and-movies-meta-data-fetcher/tv-and-movies-meta-data-fetcher/cobertura/instrumented-classes" />
    <property name="build.dir" value="/home/johsta01/nobackup/home-workspace/tv-and-movies-meta-data-fetcher/tv-and-movies-meta-data-fetcher/bin" />
    <property name="javax.net.ssl.trustStoreType" value="CertBundle" />
    <property name="user.language" value="en" />
    <property name="sun.boot.library.path" value="/usr/lib/jvm/java-1.6.0-openjdk-1.2_b09/jre/lib/i386" />
    <property name="reports.dir" value="/home/johsta01/nobackup/home-workspace/tv-and-movies-meta-data-fetcher/tv-and-movies-meta-data-fetcher/reports" />
    <property name="ant.project.name" value="MediaInfoFetcher" />
    <property name="DSTAMP" value="20081212" />
    <property name="java.version" value="1.6.0" />
    <property name="user.timezone" value="" />
    <property name="sun.arch.data.model" value="32" />
    <property name="test.src.dir" value="/home/johsta01/nobackup/home-workspace/tv-and-movies-meta-data-fetcher/tv-and-movies-meta-data-fetcher/tests" />
    <property name="user.zoneinfo.dir" value="/usr/share/javazi" />
    <property name="java.endorsed.dirs" value="/usr/lib/jvm/java-1.6.0-openjdk-1.2_b09/jre/lib/endorsed" />
    <property name="one-jar.dist.dir" value="/home/johsta01/nobackup/home-workspace/tv-and-movies-meta-data-fetcher/tv-and-movies-meta-data-fetcher/libs/compile-time" />
    <property name="sun.cpu.isalist" value="" />
    <property name="sun.jnu.encoding" value="UTF-8" />
    <property name="file.encoding.pkg" value="sun.io" />
    <property name="ant.file.MediaInfoFetcher" value="/home/johsta01/nobackup/home-workspace/tv-and-movies-meta-data-fetcher/tv-and-movies-meta-data-fetcher/build.xml" />
    <property name="cp" value="/home/johsta01/nobackup/home-workspace/tv-and-movies-meta-data-fetcher/tv-and-movies-meta-data-fetcher/libs/run-time/commons-cli-1.1.jar:/home/johsta01/nobackup/home-workspace/tv-and-movies-meta-data-fetcher/tv-and-movies-meta-data-fetcher/libs/run-time/jericho-html-2.6.jar" />
    <property name="file.separator" value="/" />
    <property name="java.specification.name" value="Java Platform API Specification" />
    <property name="java.class.version" value="50.0" />
    <property name="user.country" value="GB" />
    <property name="java.home" value="/usr/lib/jvm/java-1.6.0-openjdk-1.2_b09/jre" />
    <property name="dist.dir" value="/home/johsta01/nobackup/home-workspace/tv-and-movies-meta-data-fetcher/tv-and-movies-meta-data-fetcher/dist" />
    <property name="java.vm.info" value="mixed mode" />
    <property name="ant.file" value="/home/johsta01/nobackup/home-workspace/tv-and-movies-meta-data-fetcher/tv-and-movies-meta-data-fetcher/build.xml" />
    <property name="os.version" value="2.6.25.16-0.1-default" />
    <property name="fo.dir" value="/home/johsta01/nobackup/home-workspace/tv-and-movies-meta-data-fetcher/tv-and-movies-meta-data-fetcher/fo" />
    <property name="javac.source" value="1.6" />
    <property name="path.separator" value=":" />
    <property name="java.vm.version" value="1.6.0-b09" />
    <property name="ant.library.dir" value="/usr/share/ant/lib" />
    <property name="java.awt.printerjob" value="sun.print.PSPrinterJob" />
    <property name="sun.io.unicode.encoding" value="UnicodeLittle" />
    <property name="api.docs.dir" value="/home/johsta01/nobackup/home-workspace/tv-and-movies-meta-data-fetcher/tv-and-movies-meta-data-fetcher/docs/api" />
    <property name="user.home" value="/home/johsta01" />
    <property name="java.specification.vendor" value="Sun Microsystems Inc." />
    <property name="java.library.path" value="/usr/lib/jvm/java-1.6.0-openjdk-1.2_b09/jre/lib/i386/client:/usr/lib/jvm/java-1.6.0-openjdk-1.2_b09/jre/lib/i386:/usr/lib/jvm/java-1.6.0-openjdk-1.2_b09/jre/../lib/i386:/usr/java/packages/lib/i386:/lib:/usr/lib" />
    <property name="java.vendor.url" value="http://java.sun.com/" />
    <property name="java.vm.vendor" value="Sun Microsystems Inc." />
    <property name="java.runtime.name" value="IcedTea Runtime Environment" />
    <property name="java.class.path" value="/home/johsta01/nobackup/home-workspace/tv-and-movies-meta-data-fetcher/tv-and-movies-meta-data-fetcher/cobertura/instrumented-classes:/home/johsta01/nobackup/home-workspace/tv-and-movies-meta-data-fetcher/tv-and-movies-meta-data-fetcher/bin:/home/johsta01/nobackup/home-workspace/tv-and-movies-meta-data-fetcher/tv-and-movies-meta-data-fetcher/tests-bin:/home/johsta01/nobackup/home-workspace/tv-and-movies-meta-data-fetcher/tv-and-movies-meta-data-fetcher/libs/compile-time/asm-2.2.1.jar:/home/johsta01/nobackup/home-workspace/tv-and-movies-meta-data-fetcher/tv-and-movies-meta-data-fetcher/libs/compile-time/asm-tree-2.2.1.jar:/home/johsta01/nobackup/home-workspace/tv-and-movies-meta-data-fetcher/tv-and-movies-meta-data-fetcher/libs/compile-time/avalon-framework-4.2.0.jar:/home/johsta01/nobackup/home-workspace/tv-and-movies-meta-data-fetcher/tv-and-movies-meta-data-fetcher/libs/compile-time/batik-all-1.7.jar:/home/johsta01/nobackup/home-workspace/tv-and-movies-meta-data-fetcher/tv-and-movies-meta-data-fetcher/libs/compile-time/cobertura.jar:/home/johsta01/nobackup/home-workspace/tv-and-movies-meta-data-fetcher/tv-and-movies-meta-data-fetcher/libs/compile-time/commons-io-1.3.1.jar:/home/johsta01/nobackup/home-workspace/tv-and-movies-meta-data-fetcher/tv-and-movies-meta-data-fetcher/libs/compile-time/findbugs-ant.jar:/home/johsta01/nobackup/home-workspace/tv-and-movies-meta-data-fetcher/tv-and-movies-meta-data-fetcher/libs/compile-time/fop.jar:/home/johsta01/nobackup/home-workspace/tv-and-movies-meta-data-fetcher/tv-and-movies-meta-data-fetcher/libs/compile-time/jakarta-oro-2.0.8.jar:/home/johsta01/nobackup/home-workspace/tv-and-movies-meta-data-fetcher/tv-and-movies-meta-data-fetcher/libs/compile-time/log4j-1.2.9.jar:/home/johsta01/nobackup/home-workspace/tv-and-movies-meta-data-fetcher/tv-and-movies-meta-data-fetcher/libs/compile-time/one-jar-ant-task-0.96.jar:/home/johsta01/nobackup/home-workspace/tv-and-movies-meta-data-fetcher/tv-and-movies-meta-data-fetcher/libs/compile-time/xmlgraphics-commons-1.3.1.jar:/home/johsta01/nobackup/home-workspace/tv-and-movies-meta-data-fetcher/tv-and-movies-meta-data-fetcher/libs/run-time/commons-cli-1.1.jar:/home/johsta01/nobackup/home-workspace/tv-and-movies-meta-data-fetcher/tv-and-movies-meta-data-fetcher/libs/run-time/jericho-html-2.6.jar:/home/johsta01/nobackup/home-workspace/tv-and-movies-meta-data-fetcher/tv-and-movies-meta-data-fetcher/libs/test-time/junit-4.5.jar:/home/johsta01/nobackup/home-workspace/tv-and-movies-meta-data-fetcher/tv-and-movies-meta-data-fetcher/libs/test-time/xmlunit-1.2.jar:/usr/share/java/junit-3.8.1.jar:/usr/share/java/ant-launcher-1.7.0.jar:/usr/share/java/ant-1.7.0.jar:/usr/share/java/ant/ant-junit-1.7.0.jar" />
    <property name="ant.version" value="Apache Ant version 1.7.0 compiled on June 7 2008" />
    <property name="project.version" value="1.0" />
    <property name="TSTAMP" value="1404" />
    <property name="libs.dir" value="/home/johsta01/nobackup/home-workspace/tv-and-movies-meta-data-fetcher/tv-and-movies-meta-data-fetcher/libs" />
    <property name="java.vm.specification.name" value="Java Virtual Machine Specification" />
    <property name="java.vm.specification.version" value="1.0" />
    <property name="sun.os.patch.level" value="unknown" />
    <property name="project.email" value="dev@stanwood.org.uk" />
    <property name="sun.cpu.endian" value="little" />
    <property name="java.io.tmpdir" value="/tmp" />
    <property name="java.vendor.url.bug" value="http://java.sun.com/cgi-bin/bugreport.cgi" />
    <property name="project.author" value="John-Paul Stanford" />
    <property name="os.arch" value="i386" />
    <property name="java.awt.graphicsenv" value="sun.awt.X11GraphicsEnvironment" />
    <property name="java.ext.dirs" value="/usr/lib/jvm/java-1.6.0-openjdk-1.2_b09/jre/lib/ext:/usr/java/packages/lib/ext" />
    <property name="etc.dir" value="/home/johsta01/nobackup/home-workspace/tv-and-movies-meta-data-fetcher/tv-and-movies-meta-data-fetcher/etc" />
    <property name="user.dir" value="/home/johsta01/nobackup/home-workspace/tv-and-movies-meta-data-fetcher/tv-and-movies-meta-data-fetcher" />
    <property name="javax.net.ssl.trustStoreProvider" value="" />
    <property name="line.separator" value="
" />
    <property name="java.vm.name" value="OpenJDK Client VM" />
    <property name="basedir" value="/home/johsta01/nobackup/home-workspace/tv-and-movies-meta-data-fetcher/tv-and-movies-meta-data-fetcher" />
    <property name="ant.java.version" value="1.6" />
    <property name="ant.core.lib" value="/usr/share/java/ant-1.7.0.jar" />
    <property name="file.encoding" value="UTF-8" />
    <property name="java.specification.version" value="1.6" />
    <property name="src.dir" value="/home/johsta01/nobackup/home-workspace/tv-and-movies-meta-data-fetcher/tv-and-movies-meta-data-fetcher/src" />
    <property name="javax.net.ssl.trustStore" value="/etc/pki/tls/certs/ca-bundle.crt" />
  </properties>
  <testcase classname="org.stanwood.media.source.TestIMDBSource" name="testSearch" time="1.012" />
  <testcase classname="org.stanwood.media.source.TestIMDBSource" name="testIronManFilm" time="0.397" />
  <system-out><![CDATA[]]></system-out>
  <system-err><![CDATA[]]></system-err>
</testsuite>
